<?xml version="1.0" encoding="UTF-8"?>
<!-- Generated by org.testng.reporters.JUnitReportReporter -->
<testsuite hostname="DESKTOP-OPACJAV" failures="0" tests="1" name="rest_assured.Add_Place_Api" time="5.034" errors="0" timestamp="2023-01-17T11:47:11 IST" skipped="0">
  <testcase classname="rest_assured.Add_Place_Api" name="post" time="5.034"/>
  <system-out/>
</testsuite> <!-- rest_assured.Add_Place_Api -->
