<?xml version="1.0" encoding="UTF-8"?>
<!-- Generated by org.testng.reporters.JUnitReportReporter -->
<testsuite hostname="DESKTOP-OPACJAV" failures="0" tests="3" name="rest_assured.Dynamic_json" time="3.378" errors="0" timestamp="2023-01-17T11:15:01 IST" skipped="0">
  <testcase classname="rest_assured.Dynamic_json" name="dynamicjason" time="3.129"/>
  <system-out/>
  <testcase classname="rest_assured.Dynamic_json" name="dynamicjason" time="0.133"/>
  <system-out/>
  <testcase classname="rest_assured.Dynamic_json" name="dynamicjason" time="0.116"/>
  <system-out/>
</testsuite> <!-- rest_assured.Dynamic_json -->
