<?xml version="1.0" encoding="UTF-8"?>
<!-- Generated by org.testng.reporters.JUnitReportReporter -->
<testsuite hostname="DESKTOP-OPACJAV" failures="0" tests="1" name="rest_assured.Handling_Jason02" time="1.378" errors="0" timestamp="2023-01-16T19:22:17 IST" skipped="0">
  <testcase classname="rest_assured.Handling_Jason02" name="dynamicjson" time="1.378"/>
  <system-out/>
</testsuite> <!-- rest_assured.Handling_Jason02 -->
