<?xml version="1.0" encoding="UTF-8"?>
<!-- Generated by org.testng.reporters.JUnitReportReporter -->
<testsuite hostname="DESKTOP-OPACJAV" failures="0" tests="1" name="rest_assured.Sum_Courses" time="1.078" errors="0" timestamp="2023-01-03T12:08:02 IST" skipped="0">
  <testcase classname="rest_assured.Sum_Courses" name="sum" time="1.078"/>
  <system-out/>
</testsuite> <!-- rest_assured.Sum_Courses -->
